<?xml version="1.0" encoding="utf-8"?><testsuites name="pytest tests"><testsuite name="pytest" errors="0" failures="0" skipped="1" tests="17" time="4.750" timestamp="2026-03-10T02:43:29.933500+00:00" hostname="agent-env-501708df-27bf-420b-baad-9c2516b8e30c"><testcase classname="tests.test_financing_esign_analytics.TestFinancingAPI" name="test_get_financing_applications_empty" time="0.202" /><testcase classname="tests.test_financing_esign_analytics.TestFinancingAPI" name="test_create_financing_application_rent_to_own" time="0.175" /><testcase classname="tests.test_financing_esign_analytics.TestFinancingAPI" name="test_create_financing_application_deposit_financing" time="0.182" /><testcase classname="tests.test_financing_esign_analytics.TestFinancingAPI" name="test_create_financing_application_first_month_free" time="0.170" /><testcase classname="tests.test_financing_esign_analytics.TestFinancingAPI" name="test_get_financing_applications_with_filters" time="0.155" /><testcase classname="tests.test_financing_esign_analytics.TestESignAPI" name="test_get_esign_documents" time="0.151" /><testcase classname="tests.test_financing_esign_analytics.TestESignAPI" name="test_get_esign_templates" time="0.169" /><testcase classname="tests.test_financing_esign_analytics.TestESignAPI" name="test_create_esign_template" time="0.378" /><testcase classname="tests.test_financing_esign_analytics.TestESignAPI" name="test_get_document_audit_trail_not_found" time="0.147" /><testcase classname="tests.test_financing_esign_analytics.TestESignAPI" name="test_create_esign_document" time="0.172"><skipped type="pytest.skip" message="Known bug: E-Sign document creation returns 500 due to MongoDB _id serialization issue">/app/backend/tests/test_financing_esign_analytics.py:178: Known bug: E-Sign document creation returns 500 due to MongoDB _id serialization issue</skipped></testcase><testcase classname="tests.test_financing_esign_analytics.TestAnalyticsAPI" name="test_get_analytics_overview" time="1.100" /><testcase classname="tests.test_financing_esign_analytics.TestAnalyticsAPI" name="test_get_revenue_analytics" time="0.157" /><testcase classname="tests.test_financing_esign_analytics.TestAnalyticsAPI" name="test_get_renter_analytics" time="0.507" /><testcase classname="tests.test_financing_esign_analytics.TestAnalyticsAPI" name="test_get_landlord_analytics" time="0.357" /><testcase classname="tests.test_financing_esign_analytics.TestAnalyticsAPI" name="test_get_contractor_analytics" time="0.289" /><testcase classname="tests.test_financing_esign_analytics.TestAnalyticsAPI" name="test_get_recent_activity" time="0.248" /><testcase classname="tests.test_financing_esign_analytics.TestDocuSignStatus" name="test_get_docusign_status_not_connected" time="0.161" /></testsuite></testsuites>