<?xml version="1.0" encoding="utf-8"?><testsuites name="pytest tests"><testsuite name="pytest" errors="0" failures="1" skipped="0" tests="16" time="46.337" timestamp="2026-03-31T05:45:45.624122+00:00" hostname="agent-env-4aba2332-fd78-4836-ae70-2bd1b07df4dd"><testcase classname="backend.tests.test_iteration_26.TestAuth" name="test_login_success" time="0.453" /><testcase classname="backend.tests.test_iteration_26.TestLandlordEarnings" name="test_get_earnings_summary" time="0.576" /><testcase classname="backend.tests.test_iteration_26.TestAIChatbot" name="test_property_chat_basic" time="8.364" /><testcase classname="backend.tests.test_iteration_26.TestAIChatbot" name="test_property_chat_with_session" time="23.861" /><testcase classname="backend.tests.test_iteration_26.TestAIChatbot" name="test_chat_history" time="4.115" /><testcase classname="backend.tests.test_iteration_26.TestCreditCheck" name="test_credit_check_request" time="0.181" /><testcase classname="backend.tests.test_iteration_26.TestCreditCheck" name="test_credit_check_requires_consent" time="0.101" /><testcase classname="backend.tests.test_iteration_26.TestCreditCheck" name="test_get_credit_reports" time="0.133" /><testcase classname="backend.tests.test_iteration_26.TestAIFeatures" name="test_property_valuation" time="7.341" /><testcase classname="backend.tests.test_iteration_26.TestAIFeatures" name="test_smart_rent_pricing" time="0.157" /><testcase classname="backend.tests.test_iteration_26.TestAIFeatures" name="test_neighborhood_comparison" time="0.168" /><testcase classname="backend.tests.test_iteration_26.TestPaymentHistory" name="test_get_payment_history" time="0.140" /><testcase classname="backend.tests.test_iteration_26.TestListings" name="test_get_listings" time="0.166" /><testcase classname="backend.tests.test_iteration_26.TestListings" name="test_get_listings_by_type" time="0.272" /><testcase classname="backend.tests.test_iteration_26.TestLeaseAssignments" name="test_get_lease_assignments" time="0.138" /><testcase classname="backend.tests.test_iteration_26.TestNotifications" name="test_get_notifications" time="0.106"><failure message="AssertionError: Notifications API failed: {&quot;detail&quot;:[{&quot;type&quot;:&quot;missing&quot;,&quot;loc&quot;:[&quot;query&quot;,&quot;user_id&quot;],&quot;msg&quot;:&quot;Field required&quot;,&quot;input&quot;:null,&quot;url&quot;:&quot;https://errors.pydantic.dev/2.12/v/missing&quot;}]}&#10;assert 422 == 200&#10; +  where 422 = &lt;Response [422]&gt;.status_code">backend/tests/test_iteration_26.py:289: in test_get_notifications
    assert response.status_code == 200, f"Notifications API failed: {response.text}"
E   AssertionError: Notifications API failed: {"detail":[{"type":"missing","loc":["query","user_id"],"msg":"Field required","input":null,"url":"https://errors.pydantic.dev/2.12/v/missing"}]}
E   assert 422 == 200
E    +  where 422 = &lt;Response [422]&gt;.status_code</failure></testcase></testsuite></testsuites>