<?xml version="1.0" encoding="utf-8"?><testsuites name="pytest tests"><testsuite name="pytest" errors="0" failures="1" skipped="4" tests="17" time="6.194" timestamp="2026-03-09T21:45:55.436692+00:00" hostname="agent-env-d5c87513-ce84-41d2-acfe-f614672174e5"><testcase classname="backend.tests.test_jobs_api.TestJobsAPI" name="test_get_jobs_list_returns_success" time="0.915" /><testcase classname="backend.tests.test_jobs_api.TestJobsAPI" name="test_get_jobs_with_category_filter" time="0.160" /><testcase classname="backend.tests.test_jobs_api.TestJobsAPI" name="test_get_jobs_default_status_is_open" time="0.184" /><testcase classname="backend.tests.test_jobs_api.TestJobsAPI" name="test_create_job_requires_user_id" time="0.109" /><testcase classname="backend.tests.test_jobs_api.TestJobsAPI" name="test_create_job_with_valid_user" time="0.474"><failure message="assert 422 == 200&#10; +  where 422 = &lt;Response [422]&gt;.status_code">backend/tests/test_jobs_api.py:87: in test_create_job_with_valid_user
    assert response.status_code == 200
E   assert 422 == 200
E    +  where 422 = &lt;Response [422]&gt;.status_code</failure></testcase><testcase classname="backend.tests.test_jobs_api.TestJobsAPI" name="test_get_specific_job" time="0.155"><skipped type="pytest.skip" message="No jobs available to test">/app/backend/tests/test_jobs_api.py:112: No jobs available to test</skipped></testcase><testcase classname="backend.tests.test_jobs_api.TestJobsAPI" name="test_get_nonexistent_job_returns_404" time="0.203" /><testcase classname="backend.tests.test_jobs_api.TestJobBidsAPI" name="test_get_bids_for_job" time="0.156"><skipped type="pytest.skip" message="No jobs available to test">/app/backend/tests/test_jobs_api.py:144: No jobs available to test</skipped></testcase><testcase classname="backend.tests.test_jobs_api.TestJobBidsAPI" name="test_submit_bid_requires_contractor_id" time="0.220"><skipped type="pytest.skip" message="No jobs available to test">/app/backend/tests/test_jobs_api.py:158: No jobs available to test</skipped></testcase><testcase classname="backend.tests.test_jobs_api.TestJobBidsAPI" name="test_submit_bid_requires_contractor_profile" time="0.473"><skipped type="pytest.skip" message="No jobs available to test">/app/backend/tests/test_jobs_api.py:187: No jobs available to test</skipped></testcase><testcase classname="backend.tests.test_ratings_api.TestRatingsAPI" name="test_get_user_ratings_returns_success" time="0.502" /><testcase classname="backend.tests.test_ratings_api.TestRatingsAPI" name="test_get_rating_summary_returns_distribution" time="0.512" /><testcase classname="backend.tests.test_ratings_api.TestRatingsAPI" name="test_create_rating_requires_rater_id" time="0.118" /><testcase classname="backend.tests.test_ratings_api.TestRatingsAPI" name="test_create_rating_validates_rating_range" time="0.540" /><testcase classname="backend.tests.test_ratings_api.TestRatingsAPI" name="test_cannot_rate_yourself" time="0.523" /><testcase classname="backend.tests.test_ratings_api.TestRatingsAPI" name="test_get_ratings_for_nonexistent_user" time="0.212" /><testcase classname="backend.tests.test_ratings_api.TestRatingsIntegration" name="test_rating_workflow_complete" time="0.677" /></testsuite></testsuites>