<?xml version="1.0" encoding="utf-8"?><testsuites name="pytest tests"><testsuite name="pytest" errors="0" failures="0" skipped="0" tests="13" time="41.499" timestamp="2026-02-20T04:08:18.060793+00:00" hostname="agent-env-3a51e486-ce90-46a5-94a9-aab0dcd2a16c"><testcase classname="backend.tests.test_moving_quote_ai.TestMovingQuotePricingInfo" name="test_get_pricing_info" time="0.256" /><testcase classname="backend.tests.test_moving_quote_ai.TestMovingQuoteGeneration" name="test_basic_quote_generation" time="0.167" /><testcase classname="backend.tests.test_moving_quote_ai.TestMovingQuoteGeneration" name="test_quote_with_special_items" time="0.115" /><testcase classname="backend.tests.test_moving_quote_ai.TestMovingQuoteGeneration" name="test_quote_with_floor_surcharges" time="0.115" /><testcase classname="backend.tests.test_moving_quote_ai.TestMovingQuoteGeneration" name="test_quote_with_packing_service" time="0.324" /><testcase classname="backend.tests.test_moving_quote_ai.TestMovingQuoteGeneration" name="test_quote_with_storage" time="0.153" /><testcase classname="backend.tests.test_moving_quote_ai.TestMovingQuoteAITips" name="test_quote_with_ai_tips_included" time="20.873" /><testcase classname="backend.tests.test_moving_quote_ai.TestMovingQuoteAITips" name="test_ai_tips_for_existing_quote" time="18.505" /><testcase classname="backend.tests.test_moving_quote_ai.TestMovingQuoteAITips" name="test_ai_tips_for_nonexistent_quote" time="0.150" /><testcase classname="backend.tests.test_moving_quote_ai.TestMovingQuoteRetrieval" name="test_get_quote_by_id" time="0.268" /><testcase classname="backend.tests.test_moving_quote_ai.TestMovingQuoteRetrieval" name="test_get_nonexistent_quote" time="0.155" /><testcase classname="backend.tests.test_moving_quote_ai.TestMovingQuoteDistanceCalculation" name="test_short_distance_move" time="0.187" /><testcase classname="backend.tests.test_moving_quote_ai.TestMovingQuoteDistanceCalculation" name="test_longer_distance_move" time="0.145" /></testsuite></testsuites>