<?xml version="1.0" encoding="utf-8"?><testsuites name="pytest tests"><testsuite name="pytest" errors="0" failures="1" skipped="0" tests="9" time="4.640" timestamp="2026-02-20T00:07:45.699076+00:00" hostname="agent-env-3a51e486-ce90-46a5-94a9-aab0dcd2a16c"><testcase classname="tests.test_contractor_reviews.TestContractorReviewsAPI" name="test_get_contractor_leaderboard_empty" time="0.624" /><testcase classname="tests.test_contractor_reviews.TestContractorReviewsAPI" name="test_get_contractor_leaderboard_with_limit" time="0.462" /><testcase classname="tests.test_contractor_reviews.TestContractorReviewsAPI" name="test_get_contractor_reviews_empty" time="0.564" /><testcase classname="tests.test_contractor_reviews.TestContractorReviewsAPI" name="test_review_booking_without_booking" time="0.447" /><testcase classname="tests.test_contractor_reviews.TestContractorReviewsAPI" name="test_full_review_flow" time="0.741"><failure message="AssertionError: Booking update failed: {&quot;detail&quot;:&quot;Not Found&quot;}&#10;assert 404 == 200&#10; +  where 404 = &lt;Response [404]&gt;.status_code">tests/test_contractor_reviews.py:129: in test_full_review_flow
    assert update_response.status_code == 200, f"Booking update failed: {update_response.text}"
E   AssertionError: Booking update failed: {"detail":"Not Found"}
E   assert 404 == 200
E    +  where 404 = &lt;Response [404]&gt;.status_code</failure></testcase><testcase classname="tests.test_contractor_reviews.TestContractorReviewsAPI" name="test_review_unauthorized_user" time="0.946" /><testcase classname="tests.test_contractor_reviews.TestCustomerBookingsForPendingReviews" name="test_get_customer_bookings" time="0.442" /><testcase classname="tests.test_contractor_reviews.TestContractorSearch" name="test_contractor_search" time="0.137" /><testcase classname="tests.test_contractor_reviews.TestContractorSearch" name="test_contractor_search_by_specialty" time="0.185" /></testsuite></testsuites>