<?xml version="1.0" encoding="utf-8"?><testsuites name="pytest tests"><testsuite name="pytest" errors="0" failures="3" skipped="0" tests="14" time="47.425" timestamp="2026-03-01T23:05:19.221079+00:00" hostname="agent-env-70a9b72e-1797-4a44-b53f-2cd6dbb82a66"><testcase classname="backend.tests.test_ai_concierge.TestAIConciergeEndpoint" name="test_concierge_endpoint_exists" time="4.921" /><testcase classname="backend.tests.test_ai_concierge.TestAIConciergeEndpoint" name="test_concierge_returns_session_id" time="5.154" /><testcase classname="backend.tests.test_ai_concierge.TestSearchListingsTool" name="test_search_listings_via_concierge" time="7.393" /><testcase classname="backend.tests.test_ai_concierge.TestSearchListingsTool" name="test_search_listings_api_directly" time="0.210"><failure message="assert 500 == 200&#10; +  where 500 = &lt;Response [500]&gt;.status_code">backend/tests/test_ai_concierge.py:66: in test_search_listings_api_directly
    assert response.status_code == 200
E   assert 500 == 200
E    +  where 500 = &lt;Response [500]&gt;.status_code</failure></testcase><testcase classname="backend.tests.test_ai_concierge.TestSearchListingsTool" name="test_search_listings_with_filters" time="0.157"><failure message="assert 500 == 200&#10; +  where 500 = &lt;Response [500]&gt;.status_code">backend/tests/test_ai_concierge.py:76: in test_search_listings_with_filters
    assert response.status_code == 200
E   assert 500 == 200
E    +  where 500 = &lt;Response [500]&gt;.status_code</failure></testcase><testcase classname="backend.tests.test_ai_concierge.TestFindContractorsTool" name="test_find_contractors_via_concierge" time="4.081" /><testcase classname="backend.tests.test_ai_concierge.TestFindContractorsTool" name="test_contractors_search_api" time="0.430" /><testcase classname="backend.tests.test_ai_concierge.TestCalculateBudgetTool" name="test_calculate_budget_via_concierge" time="5.531" /><testcase classname="backend.tests.test_ai_concierge.TestCreateListingTool" name="test_create_listing_api" time="0.269" /><testcase classname="backend.tests.test_ai_concierge.TestTriageMaintenanceTool" name="test_triage_maintenance_via_concierge" time="8.327" /><testcase classname="backend.tests.test_ai_concierge.TestChatFallback" name="test_chat_endpoint_works" time="9.956" /><testcase classname="backend.tests.test_ai_concierge.TestAPIHealthCheck" name="test_api_root" time="0.187" /><testcase classname="backend.tests.test_ai_concierge.TestAPIHealthCheck" name="test_listings_endpoint" time="0.248"><failure message="assert 500 == 200&#10; +  where 500 = &lt;Response [500]&gt;.status_code">backend/tests/test_ai_concierge.py:196: in test_listings_endpoint
    assert response.status_code == 200
E   assert 500 == 200
E    +  where 500 = &lt;Response [500]&gt;.status_code</failure></testcase><testcase classname="backend.tests.test_ai_concierge.TestAPIHealthCheck" name="test_contractors_search" time="0.461" /></testsuite></testsuites>