<?xml version="1.0" encoding="utf-8"?><testsuites name="pytest tests"><testsuite name="pytest" errors="0" failures="0" skipped="0" tests="21" time="30.884" timestamp="2026-02-19T23:10:24.698525+00:00" hostname="agent-env-1edfc50c-894c-4e8d-a359-54290528b055"><testcase classname="tests.test_nova_features.TestNovaMemory" name="test_get_user_memory_empty" time="0.199" /><testcase classname="tests.test_nova_features.TestNovaMemory" name="test_update_preferences" time="0.220" /><testcase classname="tests.test_nova_features.TestNovaProactiveSuggestions" name="test_get_suggestions_new_user" time="0.187" /><testcase classname="tests.test_nova_features.TestNovaProactiveSuggestions" name="test_suggestions_with_preferences" time="0.348" /><testcase classname="tests.test_nova_features.TestNovaContextSummary" name="test_get_context_summary_empty" time="0.134" /><testcase classname="tests.test_nova_features.TestNovaContextSummary" name="test_get_context_with_preferences" time="0.368" /><testcase classname="tests.test_nova_features.TestNovaSavedSearch" name="test_create_saved_search" time="0.136" /><testcase classname="tests.test_nova_features.TestNovaSavedSearch" name="test_get_saved_searches" time="0.286" /><testcase classname="tests.test_nova_features.TestNovaSavedSearch" name="test_check_saved_search_matches" time="0.120" /><testcase classname="tests.test_nova_features.TestNovaSavedSearch" name="test_delete_saved_search" time="0.288" /><testcase classname="tests.test_nova_features.TestNovaVoiceTranscription" name="test_transcribe_invalid_base64" time="0.140" /><testcase classname="tests.test_nova_features.TestNovaVoiceTranscription" name="test_transcribe_empty_audio" time="6.355" /><testcase classname="tests.test_nova_features.TestNovaImageAnalysis" name="test_analyze_image_with_placeholder" time="6.234" /><testcase classname="tests.test_nova_features.TestNovaImageAnalysis" name="test_analyze_image_different_types" time="5.993" /><testcase classname="tests.test_nova_features.TestNovaImageAnalysis" name="test_compare_images_minimum" time="0.151" /><testcase classname="tests.test_nova_features.TestNovaImageAnalysis" name="test_compare_images_maximum" time="0.118" /><testcase classname="tests.test_nova_features.TestPreviousFeatures" name="test_chat_endpoint" time="8.830" /><testcase classname="tests.test_nova_features.TestPreviousFeatures" name="test_moving_quote_pricing" time="0.163" /><testcase classname="tests.test_nova_features.TestPreviousFeatures" name="test_calendar_events" time="0.205" /><testcase classname="tests.test_nova_features.TestPreviousFeatures" name="test_portfolio_categories" time="0.160" /><testcase classname="tests.test_nova_features.TestPreviousFeatures" name="test_listings_endpoint" time="0.120" /></testsuite></testsuites>