<?xml version="1.0" encoding="utf-8"?><testsuites name="pytest tests"><testsuite name="pytest" errors="0" failures="0" skipped="0" tests="19" time="5.027" timestamp="2026-02-19T21:49:05.202910+00:00" hostname="agent-env-1582e456-69cb-4235-8cc3-d4b393b1b7ea"><testcase classname="backend.tests.test_buy_sell.TestListingsWithFilters" name="test_get_rental_listings" time="0.246" /><testcase classname="backend.tests.test_buy_sell.TestListingsWithFilters" name="test_get_sale_listings" time="0.208" /><testcase classname="backend.tests.test_buy_sell.TestListingsWithFilters" name="test_filter_by_bedrooms" time="0.115" /><testcase classname="backend.tests.test_buy_sell.TestListingsWithFilters" name="test_filter_by_parking" time="0.163" /><testcase classname="backend.tests.test_buy_sell.TestListingsWithFilters" name="test_filter_by_property_type" time="0.149" /><testcase classname="backend.tests.test_buy_sell.TestListingsWithFilters" name="test_combined_filters" time="0.168" /><testcase classname="backend.tests.test_buy_sell.TestOffersAPI" name="test_create_offer" time="0.364" /><testcase classname="backend.tests.test_buy_sell.TestOffersAPI" name="test_create_offer_invalid_listing" time="0.245" /><testcase classname="backend.tests.test_buy_sell.TestOffersAPI" name="test_get_buyer_offers" time="0.592" /><testcase classname="backend.tests.test_buy_sell.TestOffersAPI" name="test_get_seller_offers" time="0.266" /><testcase classname="backend.tests.test_buy_sell.TestOffersAPI" name="test_respond_to_offer_accept" time="0.517" /><testcase classname="backend.tests.test_buy_sell.TestOffersAPI" name="test_respond_to_offer_counter" time="0.450" /><testcase classname="backend.tests.test_buy_sell.TestOffersAPI" name="test_respond_invalid_action" time="0.373" /><testcase classname="backend.tests.test_buy_sell.TestRegressionChecks" name="test_api_root" time="0.178" /><testcase classname="backend.tests.test_buy_sell.TestRegressionChecks" name="test_listings_basic" time="0.176" /><testcase classname="backend.tests.test_buy_sell.TestRegressionChecks" name="test_contractors_search" time="0.144" /><testcase classname="backend.tests.test_buy_sell.TestRegressionChecks" name="test_single_listing_detail" time="0.297" /><testcase classname="backend.tests.test_buy_sell.TestSaleListingsData" name="test_sale_listings_have_required_fields" time="0.113" /><testcase classname="backend.tests.test_buy_sell.TestSaleListingsData" name="test_sale_listings_prices_realistic" time="0.195" /></testsuite></testsuites>