<?xml version="1.0" encoding="utf-8"?><testsuites name="pytest tests"><testsuite name="pytest" errors="0" failures="0" skipped="0" tests="13" time="176.191" timestamp="2026-02-19T21:06:25.175893+00:00" hostname="agent-env-1582e456-69cb-4235-8cc3-d4b393b1b7ea"><testcase classname="backend.tests.test_ai_features.TestAPIHealth" name="test_api_root" time="0.352" /><testcase classname="backend.tests.test_ai_features.TestSmartIssueReporter" name="test_analyze_plumbing_issue" time="5.869" /><testcase classname="backend.tests.test_ai_features.TestSmartIssueReporter" name="test_analyze_electrical_issue" time="6.026" /><testcase classname="backend.tests.test_ai_features.TestSmartIssueReporter" name="test_analyze_with_empty_description" time="5.052" /><testcase classname="backend.tests.test_ai_features.TestDocumentAnalyzer" name="test_analyze_lease_document" time="27.035" /><testcase classname="backend.tests.test_ai_features.TestDocumentAnalyzer" name="test_analyze_rental_agreement" time="29.182" /><testcase classname="backend.tests.test_ai_features.TestCommuteOptimizer" name="test_commute_search_single_address" time="31.157" /><testcase classname="backend.tests.test_ai_features.TestCommuteOptimizer" name="test_commute_search_multiple_addresses" time="37.360" /><testcase classname="backend.tests.test_ai_features.TestCommuteOptimizer" name="test_commute_search_driving_mode" time="32.915" /><testcase classname="backend.tests.test_ai_features.TestEmailIntegration" name="test_registration_email_triggered" time="0.419" /><testcase classname="backend.tests.test_ai_features.TestExistingV2Features" name="test_listings_endpoint" time="0.132" /><testcase classname="backend.tests.test_ai_features.TestExistingV2Features" name="test_contractors_search" time="0.212" /><testcase classname="backend.tests.test_ai_features.TestExistingV2Features" name="test_login_existing_user" time="0.414" /></testsuite></testsuites>