<?xml version="1.0" encoding="utf-8"?><testsuites name="pytest tests"><testsuite name="pytest" errors="0" failures="0" skipped="0" tests="19" time="9.709" timestamp="2026-03-10T02:24:30.176974+00:00" hostname="agent-env-501708df-27bf-420b-baad-9c2516b8e30c"><testcase classname="tests.test_r2_storage.TestR2StorageStatus" name="test_storage_status_endpoint" time="0.143" /><testcase classname="tests.test_r2_storage.TestImageUpload" name="test_upload_image_success" time="1.041" /><testcase classname="tests.test_r2_storage.TestImageUpload" name="test_upload_image_empty_file" time="0.368" /><testcase classname="tests.test_r2_storage.TestPropertyImageUpload" name="test_upload_property_image_success" time="0.623" /><testcase classname="tests.test_r2_storage.TestDocumentUpload" name="test_upload_document_endpoint" time="0.436" /><testcase classname="tests.test_r2_storage.TestDocumentUpload" name="test_documents_upload_legacy" time="0.957" /><testcase classname="tests.test_r2_storage.TestAvatarUpload" name="test_upload_avatar_success" time="0.678" /><testcase classname="tests.test_r2_storage.TestGeneralUpload" name="test_upload_general_file" time="0.450" /><testcase classname="tests.test_jobs_bids_api.TestJobsAPI" name="test_get_all_jobs" time="0.909" /><testcase classname="tests.test_jobs_bids_api.TestJobsAPI" name="test_create_job_as_guest" time="0.213" /><testcase classname="tests.test_jobs_bids_api.TestJobsAPI" name="test_create_job_with_user_id" time="0.598" /><testcase classname="tests.test_jobs_bids_api.TestJobsAPI" name="test_get_job_by_id" time="0.349" /><testcase classname="tests.test_jobs_bids_api.TestJobsAPI" name="test_get_jobs_by_user" time="1.000" /><testcase classname="tests.test_jobs_bids_api.TestJobsAPI" name="test_get_jobs_with_filters" time="0.561" /><testcase classname="tests.test_jobs_bids_api.TestJobBidsAPI" name="test_submit_bid_requires_contractor_profile" time="0.366" /><testcase classname="tests.test_jobs_bids_api.TestJobBidsAPI" name="test_get_bids_for_job_returns_list" time="0.354" /><testcase classname="tests.test_jobs_bids_api.TestJobBidsAPI" name="test_bid_without_amount_fails" time="0.309" /><testcase classname="tests.test_jobs_bids_api.TestContractorJobsAPI" name="test_get_contractor_jobs" time="0.154" /><testcase classname="tests.test_jobs_bids_api.TestContractorJobsAPI" name="test_create_contractor_job" time="0.155" /></testsuite></testsuites>