<?xml version="1.0" encoding="utf-8"?><testsuites name="pytest tests"><testsuite name="pytest" errors="0" failures="0" skipped="0" tests="13" time="15.383" timestamp="2026-03-31T04:40:55.025714+00:00" hostname="agent-env-4aba2332-fd78-4836-ae70-2bd1b07df4dd"><testcase classname="backend.tests.test_rent_ai_features.TestUserSearch" name="test_user_search_returns_results" time="0.179" /><testcase classname="backend.tests.test_rent_ai_features.TestUserSearch" name="test_user_search_with_type_filter" time="0.165" /><testcase classname="backend.tests.test_rent_ai_features.TestRentAgreements" name="test_get_rent_agreements_as_tenant" time="0.161" /><testcase classname="backend.tests.test_rent_ai_features.TestRentAgreements" name="test_get_rent_agreements_as_landlord" time="0.130" /><testcase classname="backend.tests.test_rent_ai_features.TestAIDocumentReview" name="test_tenant_document_review_with_content" time="12.173" /><testcase classname="backend.tests.test_rent_ai_features.TestAIDocumentReview" name="test_lease_comparison" time="0.631" /><testcase classname="backend.tests.test_rent_ai_features.TestStripeConnect" name="test_stripe_connect_status_nonexistent_user" time="0.495" /><testcase classname="backend.tests.test_rent_ai_features.TestStripeConnect" name="test_stripe_connect_status_test_user" time="0.270" /><testcase classname="backend.tests.test_rent_ai_features.TestAdminStats" name="test_admin_database_stats" time="0.506" /><testcase classname="backend.tests.test_rent_ai_features.TestAdminStats" name="test_admin_database_stats_wrong_key" time="0.149" /><testcase classname="backend.tests.test_rent_ai_features.TestBrowseListings" name="test_get_listings_rent" time="0.181" /><testcase classname="backend.tests.test_rent_ai_features.TestBrowseListings" name="test_get_listings_sale" time="0.139" /><testcase classname="backend.tests.test_rent_ai_features.TestBrowseListings" name="test_get_lease_assignments" time="0.175" /></testsuite></testsuites>