<?xml version="1.0" encoding="utf-8"?><testsuites name="pytest tests"><testsuite name="pytest" errors="0" failures="0" skipped="0" tests="19" time="45.986" timestamp="2026-03-06T21:27:27.569109+00:00" hostname="agent-env-5a01e21e-687a-4927-aaf5-e422add3b078"><testcase classname="backend.tests.test_document_builder_upsells.TestDocumentBuilder" name="test_save_document_draft" time="0.234" /><testcase classname="backend.tests.test_document_builder_upsells.TestDocumentBuilder" name="test_send_document_for_signature" time="0.444" /><testcase classname="backend.tests.test_document_builder_upsells.TestDocumentBuilder" name="test_generate_pdf" time="0.164" /><testcase classname="backend.tests.test_document_builder_upsells.TestDocumentBuilder" name="test_list_user_documents" time="0.359" /><testcase classname="backend.tests.test_document_builder_upsells.TestDocumentBuilder" name="test_save_rtb7_template" time="0.162" /><testcase classname="backend.tests.test_document_builder_upsells.TestDocumentBuilder" name="test_save_rtb26_template" time="0.147" /><testcase classname="backend.tests.test_document_builder_upsells.TestDocumentBuilder" name="test_save_rtb30_template" time="0.156" /><testcase classname="backend.tests.test_document_builder_upsells.TestUpsellsAPI" name="test_get_vancouver_services" time="0.128" /><testcase classname="backend.tests.test_document_builder_upsells.TestUpsellsAPI" name="test_upsells_has_all_categories" time="0.114" /><testcase classname="backend.tests.test_document_builder_upsells.TestUpsellsAPI" name="test_movers_service_details" time="0.122" /><testcase classname="backend.tests.test_document_builder_upsells.TestUpsellsAPI" name="test_internet_providers" time="0.121" /><testcase classname="backend.tests.test_document_builder_upsells.TestUpsellsAPI" name="test_insurance_providers" time="0.170" /><testcase classname="backend.tests.test_document_builder_upsells.TestUpsellsAPI" name="test_request_quote" time="0.179" /><testcase classname="backend.tests.test_document_builder_upsells.TestUpsellsAPI" name="test_different_city_services" time="0.122" /><testcase classname="backend.tests.test_document_builder_upsells.TestCompetitorAnalysis" name="test_competitor_analysis_basic" time="10.428" /><testcase classname="backend.tests.test_document_builder_upsells.TestCompetitorAnalysis" name="test_competitor_analysis_returns_listing_content" time="10.773" /><testcase classname="backend.tests.test_document_builder_upsells.TestCompetitorAnalysis" name="test_competitor_analysis_price_range" time="12.199" /><testcase classname="backend.tests.test_document_builder_upsells.TestCompetitorAnalysis" name="test_competitor_analysis_without_address_fails" time="0.169" /><testcase classname="backend.tests.test_document_builder_upsells.TestCompetitorAnalysis" name="test_competitor_analysis_comparable_listings" time="9.712" /></testsuite></testsuites>